#
# There is insufficient memory for the Java Runtime Environment to continue.
# Native memory allocation (malloc) failed to allocate 1067056 bytes. Error detail: Chunk::new
# Possible reasons:
#   The system is out of physical RAM or swap space
#   This process is running with CompressedOops enabled, and the Java Heap may be blocking the growth of the native heap
# Possible solutions:
#   Reduce memory load on the system
#   Increase physical memory or swap space
#   Check if swap backing store is full
#   Decrease Java heap size (-Xmx/-Xms)
#   Decrease number of Java threads
#   Decrease Java thread stack sizes (-Xss)
#   Set larger code cache with -XX:ReservedCodeCacheSize=
#   JVM is running with Zero Based Compressed Oops mode in which the Java heap is
#     placed in the first 32GB address space. The Java Heap base address is the
#     maximum limit for the native heap growth. Please use -XX:HeapBaseMinAddress
#     to set the Java Heap base and to place the Java Heap above 32GB virtual address.
# This output file may be truncated or incomplete.
#
#  Out of Memory Error (arena.cpp:162), pid=33544, tid=37180
#
# JRE version: OpenJDK Runtime Environment (24.0.1+9) (build 24.0.1+9-30)
# Java VM: OpenJDK 64-Bit Server VM (24.0.1+9-30, mixed mode, sharing, tiered, compressed oops, compressed class ptrs, g1 gc, windows-amd64)
# No core dump will be written. Minidumps are not enabled by default on client versions of Windows
#

---------------  S U M M A R Y ------------

Command Line: -javaagent:C:\Program Files\JetBrains\IntelliJ IDEA Community Edition 2025.1\lib\idea_rt.jar=55096 -Dfile.encoding=UTF-8 -Dsun.stdout.encoding=UTF-8 -Dsun.stderr.encoding=UTF-8 com.example.portfolio.PortfolioApplication

Host: AMD Ryzen 9 6900HS with Radeon Graphics        , 16 cores, 15G,  Windows 11 , 64 bit Build 26100 (10.0.26100.4202)
Time: Sun Jun 29 16:20:35 2025 Central Daylight Time elapsed time: 1.207216 seconds (0d 0h 0m 1s)

---------------  T H R E A D  ---------------

Current thread (0x000001b9492a4090):  JavaThread "C2 CompilerThread1" daemon [_thread_in_native, id=37180, stack(0x00000032edf00000,0x00000032ee000000) (1024K)]


Current CompileTask:
C2:1207 2966       4       java.lang.invoke.MethodType::makeImpl (155 bytes)

Stack: [0x00000032edf00000,0x00000032ee000000]
Native frames: (J=compiled Java code, j=interpreted, Vv=VM code, C=native code)
V  [jvm.dll+0x730739]  (no source info available)
V  [jvm.dll+0x8d9b23]  (no source info available)
V  [jvm.dll+0x8dc00d]  (no source info available)
V  [jvm.dll+0x8dc683]  (no source info available)
V  [jvm.dll+0x2aa086]  (no source info available)
V  [jvm.dll+0xcedef]  (no source info available)
V  [jvm.dll+0xcf04f]  (no source info available)
V  [jvm.dll+0x3201a1]  (no source info available)
V  [jvm.dll+0x64bb48]  (no source info available)
V  [jvm.dll+0x278334]  (no source info available)
V  [jvm.dll+0x27871c]  (no source info available)
V  [jvm.dll+0x2711de]  (no source info available)
V  [jvm.dll+0x26e942]  (no source info available)
V  [jvm.dll+0x1e9d60]  (no source info available)
V  [jvm.dll+0x27e1fb]  (no source info available)
V  [jvm.dll+0x27c49a]  (no source info available)
V  [jvm.dll+0x42f456]  (no source info available)
V  [jvm.dll+0x87d76b]  (no source info available)
V  [jvm.dll+0x72ee55]  (no source info available)
C  [ucrtbase.dll+0x37b0]  (no source info available)
C  [KERNEL32.DLL+0x2e8d7]  (no source info available)
C  [ntdll.dll+0x3c34c]  (no source info available)

Lock stack of current Java thread (top to bottom):


---------------  P R O C E S S  ---------------

Threads class SMR info:
_java_thread_list=0x000001b94a3989b0, length=17, elements={
0x000001b96191a680, 0x000001b97ff883e0, 0x000001b97ff88b20, 0x000001b97ff8aa70,
0x000001b97ff8bb30, 0x000001b97ff901f0, 0x000001b97ff90940, 0x000001b97ffa6c60,
0x000001b949020dc0, 0x000001b9490c9c30, 0x000001b94911bed0, 0x000001b97ff917e0,
0x000001b9492a4090, 0x000001b9492a6c40, 0x000001b97ff8ec00, 0x000001b97ff8e4b0,
0x000001b949e50d70
}

Java Threads: ( => current thread )
  0x000001b96191a680 JavaThread "main"                              [_thread_in_vm, id=32424, stack(0x00000032ecc00000,0x00000032ecd00000) (1024K)]
  0x000001b97ff883e0 JavaThread "Reference Handler"          daemon [_thread_blocked, id=15080, stack(0x00000032ed400000,0x00000032ed500000) (1024K)]
  0x000001b97ff88b20 JavaThread "Finalizer"                  daemon [_thread_blocked, id=16916, stack(0x00000032ed500000,0x00000032ed600000) (1024K)]
  0x000001b97ff8aa70 JavaThread "Signal Dispatcher"          daemon [_thread_blocked, id=39804, stack(0x00000032ed600000,0x00000032ed700000) (1024K)]
  0x000001b97ff8bb30 JavaThread "Attach Listener"            daemon [_thread_blocked, id=22952, stack(0x00000032ed700000,0x00000032ed800000) (1024K)]
  0x000001b97ff901f0 JavaThread "Service Thread"             daemon [_thread_blocked, id=30188, stack(0x00000032ed800000,0x00000032ed900000) (1024K)]
  0x000001b97ff90940 JavaThread "Monitor Deflation Thread"   daemon [_thread_blocked, id=38932, stack(0x00000032ed900000,0x00000032eda00000) (1024K)]
  0x000001b97ffa6c60 JavaThread "C2 CompilerThread0"         daemon [_thread_in_native, id=30384, stack(0x00000032eda00000,0x00000032edb00000) (1024K)]
  0x000001b949020dc0 JavaThread "C1 CompilerThread0"         daemon [_thread_in_vm, id=28292, stack(0x00000032edb00000,0x00000032edc00000) (1024K)]
  0x000001b9490c9c30 JavaThread "C1 CompilerThread1"         daemon [_thread_in_native, id=39308, stack(0x00000032edc00000,0x00000032edd00000) (1024K)]
  0x000001b94911bed0 JavaThread "C1 CompilerThread2"         daemon [_thread_in_native, id=39736, stack(0x00000032edd00000,0x00000032ede00000) (1024K)]
  0x000001b97ff917e0 JavaThread "Common-Cleaner"             daemon [_thread_blocked, id=37768, stack(0x00000032ede00000,0x00000032edf00000) (1024K)]
=>0x000001b9492a4090 JavaThread "C2 CompilerThread1"         daemon [_thread_in_native, id=37180, stack(0x00000032edf00000,0x00000032ee000000) (1024K)]
  0x000001b9492a6c40 JavaThread "C2 CompilerThread2"         daemon [_thread_in_native, id=35004, stack(0x00000032ee000000,0x00000032ee100000) (1024K)]
  0x000001b97ff8ec00 JavaThread "Monitor Ctrl-Break"         daemon [_thread_in_native, id=36876, stack(0x00000032ee100000,0x00000032ee200000) (1024K)]
  0x000001b97ff8e4b0 JavaThread "Notification Thread"        daemon [_thread_blocked, id=36508, stack(0x00000032ee200000,0x00000032ee300000) (1024K)]
  0x000001b949e50d70 JavaThread "C1 CompilerThread3"         daemon [_thread_in_vm, id=3848, stack(0x00000032ee400000,0x00000032ee500000) (1024K)]
Total: 17

Other Threads:
  0x000001b97ff79f60 VMThread "VM Thread"                           [id=6736, stack(0x00000032ed300000,0x00000032ed400000) (1024K)]
  0x000001b97ff6ba60 WatcherThread "VM Periodic Task Thread"        [id=34352, stack(0x00000032ed200000,0x00000032ed300000) (1024K)]
  0x000001b9619de9d0 WorkerThread "GC Thread#0"                     [id=34484, stack(0x00000032ecd00000,0x00000032ece00000) (1024K)]
  0x000001b94a0f8c10 WorkerThread "GC Thread#1"                     [id=18080, stack(0x00000032ee500000,0x00000032ee600000) (1024K)]
  0x000001b94a0f8fc0 WorkerThread "GC Thread#2"                     [id=38176, stack(0x00000032ee600000,0x00000032ee700000) (1024K)]
  0x000001b949bfd1f0 WorkerThread "GC Thread#3"                     [id=22652, stack(0x00000032ee700000,0x00000032ee800000) (1024K)]
  0x000001b949bfce40 WorkerThread "GC Thread#4"                     [id=12348, stack(0x00000032ee800000,0x00000032ee900000) (1024K)]
  0x000001b949bfc6e0 WorkerThread "GC Thread#5"                     [id=25604, stack(0x00000032ee900000,0x00000032eea00000) (1024K)]
  0x000001b963e1fae0 ConcurrentGCThread "G1 Main Marker"            [id=36652, stack(0x00000032ece00000,0x00000032ecf00000) (1024K)]
  0x000001b963e205f0 WorkerThread "G1 Conc#0"                       [id=26032, stack(0x00000032ecf00000,0x00000032ed000000) (1024K)]
  0x000001b97fe36340 ConcurrentGCThread "G1 Refine#0"               [id=12792, stack(0x00000032ed000000,0x00000032ed100000) (1024K)]
  0x000001b97fe36cd0 ConcurrentGCThread "G1 Service"                [id=39056, stack(0x00000032ed100000,0x00000032ed200000) (1024K)]
Total: 12

Threads with active compile tasks:
C2 CompilerThread0  1245 3143       4       org.springframework.asm.ClassReader::readUTF8 (23 bytes)
C1 CompilerThread0  1245 3310       3       java.lang.Class::enumConstantDirectory (107 bytes)
C1 CompilerThread2  1245 3315       3       org.springframework.core.type.AnnotatedTypeMetadata$$Lambda/0x000001b9051e68d8::apply (10 bytes)
C2 CompilerThread1  1245 2966       4       java.lang.invoke.MethodType::makeImpl (155 bytes)
C2 CompilerThread2  1245 2777       4       java.lang.invoke.MethodType::methodType (69 bytes)
C1 CompilerThread3  1245 3316       3       org.springframework.core.type.AnnotatedTypeMetadata$$Lambda/0x000001b9051e6da0::apply (10 bytes)
Total: 6

VM state: not at safepoint (normal execution)

VM Mutex/Monitor currently owned by a thread: None

Heap address: 0x000000070c400000, size: 3900 MB, Compressed Oops mode: Zero based, Oop shift amount: 3

CDS archive(s) mapped at: [0x000001b904000000-0x000001b904d40000-0x000001b904d40000), size 13893632, SharedBaseAddress: 0x000001b904000000, ArchiveRelocationMode: 1.
Compressed class space mapped at: 0x000001b905000000-0x000001b945000000, reserved size: 1073741824
UseCompressedClassPointers 1, UseCompactObjectHeaders 0
Narrow klass pointer bits 32, Max shift 3
Narrow klass base: 0x000001b904000000, Narrow klass shift: 0
Encoding Range: [0x000001b904000000 - 0x000001ba04000000), (4294967296 bytes)
Klass Range:    [0x000001b904000000 - 0x000001b945000000), (1090519040 bytes)
Klass ID Range:  [8 - 1090519033) (1090519025)

GC Precious Log:
 CardTable entry size: 512
 Card Set container configuration: InlinePtr #cards 4 size 8 Array Of Cards #cards 16 size 48 Howl #buckets 8 coarsen threshold 3686 Howl Bitmap #cards 512 size 80 coarsen threshold 460 Card regions per heap region 1 cards per card region 4096
 CPUs: 16 total, 16 available
 Memory: 15596M
 Large Page Support: Disabled
 NUMA Support: Disabled
 Compressed Oops: Enabled (Zero based)
 Heap Region Size: 2M
 Heap Min Capacity: 8M
 Heap Initial Capacity: 244M
 Heap Max Capacity: 3900M
 Pre-touch: Disabled
 Parallel Workers: 13
 Concurrent Workers: 3
 Concurrent Refinement Workers: 13
 Periodic GC: Disabled

Heap:
 garbage-first heap   total reserved 3993600K, committed 251904K, used 40069K [0x000000070c400000, 0x0000000800000000)
  region size 2048K, 20 young (40960K), 3 survivors (6144K)
 Metaspace       used 19158K, committed 19456K, reserved 1114112K
  class space    used 1910K, committed 2048K, reserved 1048576K

Heap Regions: E=young(eden), S=young(survivor), O=old, HS=humongous(starts), HC=humongous(continues), CS=collection set, F=free, TAMS=top-at-mark-start, PB=parsable bottom
|   0|0x000000070c400000, 0x000000070c405330, 0x000000070c600000|  1%| O|  |TAMS 0x000000070c400000| PB 0x000000070c400000| Untracked |  0
|   1|0x000000070c600000, 0x000000070c600000, 0x000000070c800000|  0%| F|  |TAMS 0x000000070c600000| PB 0x000000070c600000| Untracked |  0
|   2|0x000000070c800000, 0x000000070c800000, 0x000000070ca00000|  0%| F|  |TAMS 0x000000070c800000| PB 0x000000070c800000| Untracked |  0
|   3|0x000000070ca00000, 0x000000070ca00000, 0x000000070cc00000|  0%| F|  |TAMS 0x000000070ca00000| PB 0x000000070ca00000| Untracked |  0
|   4|0x000000070cc00000, 0x000000070cc00000, 0x000000070ce00000|  0%| F|  |TAMS 0x000000070cc00000| PB 0x000000070cc00000| Untracked |  0
|   5|0x000000070ce00000, 0x000000070ce00000, 0x000000070d000000|  0%| F|  |TAMS 0x000000070ce00000| PB 0x000000070ce00000| Untracked |  0
|   6|0x000000070d000000, 0x000000070d000000, 0x000000070d200000|  0%| F|  |TAMS 0x000000070d000000| PB 0x000000070d000000| Untracked |  0
|   7|0x000000070d200000, 0x000000070d200000, 0x000000070d400000|  0%| F|  |TAMS 0x000000070d200000| PB 0x000000070d200000| Untracked |  0
|   8|0x000000070d400000, 0x000000070d400000, 0x000000070d600000|  0%| F|  |TAMS 0x000000070d400000| PB 0x000000070d400000| Untracked |  0
|   9|0x000000070d600000, 0x000000070d600000, 0x000000070d800000|  0%| F|  |TAMS 0x000000070d600000| PB 0x000000070d600000| Untracked |  0
|  10|0x000000070d800000, 0x000000070d800000, 0x000000070da00000|  0%| F|  |TAMS 0x000000070d800000| PB 0x000000070d800000| Untracked |  0
|  11|0x000000070da00000, 0x000000070da00000, 0x000000070dc00000|  0%| F|  |TAMS 0x000000070da00000| PB 0x000000070da00000| Untracked |  0
|  12|0x000000070dc00000, 0x000000070dc00000, 0x000000070de00000|  0%| F|  |TAMS 0x000000070dc00000| PB 0x000000070dc00000| Untracked |  0
|  13|0x000000070de00000, 0x000000070de00000, 0x000000070e000000|  0%| F|  |TAMS 0x000000070de00000| PB 0x000000070de00000| Untracked |  0
|  14|0x000000070e000000, 0x000000070e000000, 0x000000070e200000|  0%| F|  |TAMS 0x000000070e000000| PB 0x000000070e000000| Untracked |  0
|  15|0x000000070e200000, 0x000000070e200000, 0x000000070e400000|  0%| F|  |TAMS 0x000000070e200000| PB 0x000000070e200000| Untracked |  0
|  16|0x000000070e400000, 0x000000070e400000, 0x000000070e600000|  0%| F|  |TAMS 0x000000070e400000| PB 0x000000070e400000| Untracked |  0
|  17|0x000000070e600000, 0x000000070e600000, 0x000000070e800000|  0%| F|  |TAMS 0x000000070e600000| PB 0x000000070e600000| Untracked |  0
|  18|0x000000070e800000, 0x000000070e800000, 0x000000070ea00000|  0%| F|  |TAMS 0x000000070e800000| PB 0x000000070e800000| Untracked |  0
|  19|0x000000070ea00000, 0x000000070ea00000, 0x000000070ec00000|  0%| F|  |TAMS 0x000000070ea00000| PB 0x000000070ea00000| Untracked |  0
|  20|0x000000070ec00000, 0x000000070ec00000, 0x000000070ee00000|  0%| F|  |TAMS 0x000000070ec00000| PB 0x000000070ec00000| Untracked |  0
|  21|0x000000070ee00000, 0x000000070ee00000, 0x000000070f000000|  0%| F|  |TAMS 0x000000070ee00000| PB 0x000000070ee00000| Untracked |  0
|  22|0x000000070f000000, 0x000000070f000000, 0x000000070f200000|  0%| F|  |TAMS 0x000000070f000000| PB 0x000000070f000000| Untracked |  0
|  23|0x000000070f200000, 0x000000070f200000, 0x000000070f400000|  0%| F|  |TAMS 0x000000070f200000| PB 0x000000070f200000| Untracked |  0
|  24|0x000000070f400000, 0x000000070f400000, 0x000000070f600000|  0%| F|  |TAMS 0x000000070f400000| PB 0x000000070f400000| Untracked |  0
|  25|0x000000070f600000, 0x000000070f600000, 0x000000070f800000|  0%| F|  |TAMS 0x000000070f600000| PB 0x000000070f600000| Untracked |  0
|  26|0x000000070f800000, 0x000000070f800000, 0x000000070fa00000|  0%| F|  |TAMS 0x000000070f800000| PB 0x000000070f800000| Untracked |  0
|  27|0x000000070fa00000, 0x000000070fa00000, 0x000000070fc00000|  0%| F|  |TAMS 0x000000070fa00000| PB 0x000000070fa00000| Untracked |  0
|  28|0x000000070fc00000, 0x000000070fc00000, 0x000000070fe00000|  0%| F|  |TAMS 0x000000070fc00000| PB 0x000000070fc00000| Untracked |  0
|  29|0x000000070fe00000, 0x000000070fe00000, 0x0000000710000000|  0%| F|  |TAMS 0x000000070fe00000| PB 0x000000070fe00000| Untracked |  0
|  30|0x0000000710000000, 0x0000000710000000, 0x0000000710200000|  0%| F|  |TAMS 0x0000000710000000| PB 0x0000000710000000| Untracked |  0
|  31|0x0000000710200000, 0x0000000710200000, 0x0000000710400000|  0%| F|  |TAMS 0x0000000710200000| PB 0x0000000710200000| Untracked |  0
|  32|0x0000000710400000, 0x0000000710400000, 0x0000000710600000|  0%| F|  |TAMS 0x0000000710400000| PB 0x0000000710400000| Untracked |  0
|  33|0x0000000710600000, 0x0000000710600000, 0x0000000710800000|  0%| F|  |TAMS 0x0000000710600000| PB 0x0000000710600000| Untracked |  0
|  34|0x0000000710800000, 0x0000000710800000, 0x0000000710a00000|  0%| F|  |TAMS 0x0000000710800000| PB 0x0000000710800000| Untracked |  0
|  35|0x0000000710a00000, 0x0000000710a00000, 0x0000000710c00000|  0%| F|  |TAMS 0x0000000710a00000| PB 0x0000000710a00000| Untracked |  0
|  36|0x0000000710c00000, 0x0000000710c00000, 0x0000000710e00000|  0%| F|  |TAMS 0x0000000710c00000| PB 0x0000000710c00000| Untracked |  0
|  37|0x0000000710e00000, 0x0000000710e00000, 0x0000000711000000|  0%| F|  |TAMS 0x0000000710e00000| PB 0x0000000710e00000| Untracked |  0
|  38|0x0000000711000000, 0x0000000711000000, 0x0000000711200000|  0%| F|  |TAMS 0x0000000711000000| PB 0x0000000711000000| Untracked |  0
|  39|0x0000000711200000, 0x0000000711200000, 0x0000000711400000|  0%| F|  |TAMS 0x0000000711200000| PB 0x0000000711200000| Untracked |  0
|  40|0x0000000711400000, 0x0000000711400000, 0x0000000711600000|  0%| F|  |TAMS 0x0000000711400000| PB 0x0000000711400000| Untracked |  0
|  41|0x0000000711600000, 0x0000000711600000, 0x0000000711800000|  0%| F|  |TAMS 0x0000000711600000| PB 0x0000000711600000| Untracked |  0
|  42|0x0000000711800000, 0x0000000711800000, 0x0000000711a00000|  0%| F|  |TAMS 0x0000000711800000| PB 0x0000000711800000| Untracked |  0
|  43|0x0000000711a00000, 0x0000000711a00000, 0x0000000711c00000|  0%| F|  |TAMS 0x0000000711a00000| PB 0x0000000711a00000| Untracked |  0
|  44|0x0000000711c00000, 0x0000000711c00000, 0x0000000711e00000|  0%| F|  |TAMS 0x0000000711c00000| PB 0x0000000711c00000| Untracked |  0
|  45|0x0000000711e00000, 0x0000000711e00000, 0x0000000712000000|  0%| F|  |TAMS 0x0000000711e00000| PB 0x0000000711e00000| Untracked |  0
|  46|0x0000000712000000, 0x0000000712000000, 0x0000000712200000|  0%| F|  |TAMS 0x0000000712000000| PB 0x0000000712000000| Untracked |  0
|  47|0x0000000712200000, 0x0000000712200000, 0x0000000712400000|  0%| F|  |TAMS 0x0000000712200000| PB 0x0000000712200000| Untracked |  0
|  48|0x0000000712400000, 0x0000000712400000, 0x0000000712600000|  0%| F|  |TAMS 0x0000000712400000| PB 0x0000000712400000| Untracked |  0
|  49|0x0000000712600000, 0x0000000712600000, 0x0000000712800000|  0%| F|  |TAMS 0x0000000712600000| PB 0x0000000712600000| Untracked |  0
|  50|0x0000000712800000, 0x0000000712800000, 0x0000000712a00000|  0%| F|  |TAMS 0x0000000712800000| PB 0x0000000712800000| Untracked |  0
|  51|0x0000000712a00000, 0x0000000712a00000, 0x0000000712c00000|  0%| F|  |TAMS 0x0000000712a00000| PB 0x0000000712a00000| Untracked |  0
|  52|0x0000000712c00000, 0x0000000712c00000, 0x0000000712e00000|  0%| F|  |TAMS 0x0000000712c00000| PB 0x0000000712c00000| Untracked |  0
|  53|0x0000000712e00000, 0x0000000712e00000, 0x0000000713000000|  0%| F|  |TAMS 0x0000000712e00000| PB 0x0000000712e00000| Untracked |  0
|  54|0x0000000713000000, 0x0000000713000000, 0x0000000713200000|  0%| F|  |TAMS 0x0000000713000000| PB 0x0000000713000000| Untracked |  0
|  55|0x0000000713200000, 0x0000000713200000, 0x0000000713400000|  0%| F|  |TAMS 0x0000000713200000| PB 0x0000000713200000| Untracked |  0
|  56|0x0000000713400000, 0x0000000713400000, 0x0000000713600000|  0%| F|  |TAMS 0x0000000713400000| PB 0x0000000713400000| Untracked |  0
|  57|0x0000000713600000, 0x0000000713600000, 0x0000000713800000|  0%| F|  |TAMS 0x0000000713600000| PB 0x0000000713600000| Untracked |  0
|  58|0x0000000713800000, 0x0000000713800000, 0x0000000713a00000|  0%| F|  |TAMS 0x0000000713800000| PB 0x0000000713800000| Untracked |  0
|  59|0x0000000713a00000, 0x0000000713a00000, 0x0000000713c00000|  0%| F|  |TAMS 0x0000000713a00000| PB 0x0000000713a00000| Untracked |  0
|  60|0x0000000713c00000, 0x0000000713c00000, 0x0000000713e00000|  0%| F|  |TAMS 0x0000000713c00000| PB 0x0000000713c00000| Untracked |  0
|  61|0x0000000713e00000, 0x0000000713e00000, 0x0000000714000000|  0%| F|  |TAMS 0x0000000713e00000| PB 0x0000000713e00000| Untracked |  0
|  62|0x0000000714000000, 0x0000000714000000, 0x0000000714200000|  0%| F|  |TAMS 0x0000000714000000| PB 0x0000000714000000| Untracked |  0
|  63|0x0000000714200000, 0x0000000714200000, 0x0000000714400000|  0%| F|  |TAMS 0x0000000714200000| PB 0x0000000714200000| Untracked |  0
|  64|0x0000000714400000, 0x0000000714400000, 0x0000000714600000|  0%| F|  |TAMS 0x0000000714400000| PB 0x0000000714400000| Untracked |  0
|  65|0x0000000714600000, 0x0000000714600000, 0x0000000714800000|  0%| F|  |TAMS 0x0000000714600000| PB 0x0000000714600000| Untracked |  0
|  66|0x0000000714800000, 0x0000000714800000, 0x0000000714a00000|  0%| F|  |TAMS 0x0000000714800000| PB 0x0000000714800000| Untracked |  0
|  67|0x0000000714a00000, 0x0000000714a00000, 0x0000000714c00000|  0%| F|  |TAMS 0x0000000714a00000| PB 0x0000000714a00000| Untracked |  0
|  68|0x0000000714c00000, 0x0000000714c00000, 0x0000000714e00000|  0%| F|  |TAMS 0x0000000714c00000| PB 0x0000000714c00000| Untracked |  0
|  69|0x0000000714e00000, 0x0000000714e00000, 0x0000000715000000|  0%| F|  |TAMS 0x0000000714e00000| PB 0x0000000714e00000| Untracked |  0
|  70|0x0000000715000000, 0x0000000715000000, 0x0000000715200000|  0%| F|  |TAMS 0x0000000715000000| PB 0x0000000715000000| Untracked |  0
|  71|0x0000000715200000, 0x0000000715200000, 0x0000000715400000|  0%| F|  |TAMS 0x0000000715200000| PB 0x0000000715200000| Untracked |  0
|  72|0x0000000715400000, 0x0000000715400000, 0x0000000715600000|  0%| F|  |TAMS 0x0000000715400000| PB 0x0000000715400000| Untracked |  0
|  73|0x0000000715600000, 0x0000000715600000, 0x0000000715800000|  0%| F|  |TAMS 0x0000000715600000| PB 0x0000000715600000| Untracked |  0
|  74|0x0000000715800000, 0x0000000715800000, 0x0000000715a00000|  0%| F|  |TAMS 0x0000000715800000| PB 0x0000000715800000| Untracked |  0
|  75|0x0000000715a00000, 0x0000000715a00000, 0x0000000715c00000|  0%| F|  |TAMS 0x0000000715a00000| PB 0x0000000715a00000| Untracked |  0
|  76|0x0000000715c00000, 0x0000000715c00000, 0x0000000715e00000|  0%| F|  |TAMS 0x0000000715c00000| PB 0x0000000715c00000| Untracked |  0
|  77|0x0000000715e00000, 0x0000000715e00000, 0x0000000716000000|  0%| F|  |TAMS 0x0000000715e00000| PB 0x0000000715e00000| Untracked |  0
|  78|0x0000000716000000, 0x0000000716000000, 0x0000000716200000|  0%| F|  |TAMS 0x0000000716000000| PB 0x0000000716000000| Untracked |  0
|  79|0x0000000716200000, 0x0000000716200000, 0x0000000716400000|  0%| F|  |TAMS 0x0000000716200000| PB 0x0000000716200000| Untracked |  0
|  80|0x0000000716400000, 0x0000000716400000, 0x0000000716600000|  0%| F|  |TAMS 0x0000000716400000| PB 0x0000000716400000| Untracked |  0
|  81|0x0000000716600000, 0x0000000716600000, 0x0000000716800000|  0%| F|  |TAMS 0x0000000716600000| PB 0x0000000716600000| Untracked |  0
|  82|0x0000000716800000, 0x0000000716800000, 0x0000000716a00000|  0%| F|  |TAMS 0x0000000716800000| PB 0x0000000716800000| Untracked |  0
|  83|0x0000000716a00000, 0x0000000716a00000, 0x0000000716c00000|  0%| F|  |TAMS 0x0000000716a00000| PB 0x0000000716a00000| Untracked |  0
|  84|0x0000000716c00000, 0x0000000716c00000, 0x0000000716e00000|  0%| F|  |TAMS 0x0000000716c00000| PB 0x0000000716c00000| Untracked |  0
|  85|0x0000000716e00000, 0x0000000716e00000, 0x0000000717000000|  0%| F|  |TAMS 0x0000000716e00000| PB 0x0000000716e00000| Untracked |  0
|  86|0x0000000717000000, 0x0000000717000000, 0x0000000717200000|  0%| F|  |TAMS 0x0000000717000000| PB 0x0000000717000000| Untracked |  0
|  87|0x0000000717200000, 0x0000000717200000, 0x0000000717400000|  0%| F|  |TAMS 0x0000000717200000| PB 0x0000000717200000| Untracked |  0
|  88|0x0000000717400000, 0x0000000717400000, 0x0000000717600000|  0%| F|  |TAMS 0x0000000717400000| PB 0x0000000717400000| Untracked |  0
|  89|0x0000000717600000, 0x0000000717600000, 0x0000000717800000|  0%| F|  |TAMS 0x0000000717600000| PB 0x0000000717600000| Untracked |  0
|  90|0x0000000717800000, 0x0000000717800000, 0x0000000717a00000|  0%| F|  |TAMS 0x0000000717800000| PB 0x0000000717800000| Untracked |  0
|  91|0x0000000717a00000, 0x0000000717a00000, 0x0000000717c00000|  0%| F|  |TAMS 0x0000000717a00000| PB 0x0000000717a00000| Untracked |  0
|  92|0x0000000717c00000, 0x0000000717c00000, 0x0000000717e00000|  0%| F|  |TAMS 0x0000000717c00000| PB 0x0000000717c00000| Untracked |  0
|  93|0x0000000717e00000, 0x0000000717e00000, 0x0000000718000000|  0%| F|  |TAMS 0x0000000717e00000| PB 0x0000000717e00000| Untracked |  0
|  94|0x0000000718000000, 0x0000000718000000, 0x0000000718200000|  0%| F|  |TAMS 0x0000000718000000| PB 0x0000000718000000| Untracked |  0
|  95|0x0000000718200000, 0x0000000718400000, 0x0000000718400000|100%| S|CS|TAMS 0x0000000718200000| PB 0x0000000718200000| Complete |  0
|  96|0x0000000718400000, 0x0000000718600000, 0x0000000718600000|100%| S|CS|TAMS 0x0000000718400000| PB 0x0000000718400000| Complete |  0
|  97|0x0000000718600000, 0x0000000718800000, 0x0000000718800000|100%| S|CS|TAMS 0x0000000718600000| PB 0x0000000718600000| Complete |  0
|  98|0x0000000718800000, 0x0000000718800000, 0x0000000718a00000|  0%| F|  |TAMS 0x0000000718800000| PB 0x0000000718800000| Untracked |  0
|  99|0x0000000718a00000, 0x0000000718a00000, 0x0000000718c00000|  0%| F|  |TAMS 0x0000000718a00000| PB 0x0000000718a00000| Untracked |  0
| 100|0x0000000718c00000, 0x0000000718c00000, 0x0000000718e00000|  0%| F|  |TAMS 0x0000000718c00000| PB 0x0000000718c00000| Untracked |  0
| 101|0x0000000718e00000, 0x0000000718e00000, 0x0000000719000000|  0%| F|  |TAMS 0x0000000718e00000| PB 0x0000000718e00000| Untracked |  0
| 102|0x0000000719000000, 0x0000000719000000, 0x0000000719200000|  0%| F|  |TAMS 0x0000000719000000| PB 0x0000000719000000| Untracked |  0
| 103|0x0000000719200000, 0x0000000719200000, 0x0000000719400000|  0%| F|  |TAMS 0x0000000719200000| PB 0x0000000719200000| Untracked |  0
| 104|0x0000000719400000, 0x00000007194bb7b8, 0x0000000719600000| 36%| E|  |TAMS 0x0000000719400000| PB 0x0000000719400000| Complete |  0
| 105|0x0000000719600000, 0x0000000719800000, 0x0000000719800000|100%| E|CS|TAMS 0x0000000719600000| PB 0x0000000719600000| Complete |  0
| 106|0x0000000719800000, 0x0000000719a00000, 0x0000000719a00000|100%| E|CS|TAMS 0x0000000719800000| PB 0x0000000719800000| Complete |  0
| 107|0x0000000719a00000, 0x0000000719c00000, 0x0000000719c00000|100%| E|CS|TAMS 0x0000000719a00000| PB 0x0000000719a00000| Complete |  0
| 108|0x0000000719c00000, 0x0000000719e00000, 0x0000000719e00000|100%| E|CS|TAMS 0x0000000719c00000| PB 0x0000000719c00000| Complete |  0
| 109|0x0000000719e00000, 0x000000071a000000, 0x000000071a000000|100%| E|CS|TAMS 0x0000000719e00000| PB 0x0000000719e00000| Complete |  0
| 110|0x000000071a000000, 0x000000071a200000, 0x000000071a200000|100%| E|CS|TAMS 0x000000071a000000| PB 0x000000071a000000| Complete |  0
| 111|0x000000071a200000, 0x000000071a400000, 0x000000071a400000|100%| E|CS|TAMS 0x000000071a200000| PB 0x000000071a200000| Complete |  0
| 112|0x000000071a400000, 0x000000071a600000, 0x000000071a600000|100%| E|CS|TAMS 0x000000071a400000| PB 0x000000071a400000| Complete |  0
| 113|0x000000071a600000, 0x000000071a800000, 0x000000071a800000|100%| E|CS|TAMS 0x000000071a600000| PB 0x000000071a600000| Complete |  0
| 114|0x000000071a800000, 0x000000071aa00000, 0x000000071aa00000|100%| E|CS|TAMS 0x000000071a800000| PB 0x000000071a800000| Complete |  0
| 115|0x000000071aa00000, 0x000000071ac00000, 0x000000071ac00000|100%| E|CS|TAMS 0x000000071aa00000| PB 0x000000071aa00000| Complete |  0
| 116|0x000000071ac00000, 0x000000071ae00000, 0x000000071ae00000|100%| E|CS|TAMS 0x000000071ac00000| PB 0x000000071ac00000| Complete |  0
| 117|0x000000071ae00000, 0x000000071b000000, 0x000000071b000000|100%| E|CS|TAMS 0x000000071ae00000| PB 0x000000071ae00000| Complete |  0
| 118|0x000000071b000000, 0x000000071b200000, 0x000000071b200000|100%| E|CS|TAMS 0x000000071b000000| PB 0x000000071b000000| Complete |  0
| 119|0x000000071b200000, 0x000000071b400000, 0x000000071b400000|100%| E|CS|TAMS 0x000000071b200000| PB 0x000000071b200000| Complete |  0
| 120|0x000000071b400000, 0x000000071b600000, 0x000000071b600000|100%| E|CS|TAMS 0x000000071b400000| PB 0x000000071b400000| Complete |  0
| 121|0x000000071b600000, 0x000000071b800000, 0x000000071b800000|100%| E|CS|TAMS 0x000000071b600000| PB 0x000000071b600000| Complete |  0
|1949|0x00000007ffe00000, 0x00000007fff1c288, 0x0000000800000000| 55%| O|  |TAMS 0x00000007ffe00000| PB 0x00000007ffe00000| Untracked |  0

Card table byte_map: [0x000001b97c790000,0x000001b97cf30000] _byte_map_base: 0x000001b978f2e000

Marking Bits: (CMBitMap*) 0x000001b963e0b200
 Bits: [0x000001b900000000, 0x000001b903cf0000)

Polling page: 0x000001b961d90000

Metaspace:

Usage:
  Non-class:     16.85 MB used.
      Class:      1.87 MB used.
       Both:     18.72 MB used.

Virtual space:
  Non-class space:       64.00 MB reserved,      17.00 MB ( 27%) committed,  1 nodes.
      Class space:        1.00 GB reserved,       2.00 MB ( <1%) committed,  1 nodes.
             Both:        1.06 GB reserved,      19.00 MB (  2%) committed. 

Chunk freelists:
   Non-Class:  14.70 MB
       Class:  13.95 MB
        Both:  28.66 MB

MaxMetaspaceSize: unlimited
CompressedClassSpaceSize: 1.00 GB
Initial GC threshold: 21.00 MB
Current GC threshold: 21.00 MB
CDS: on
 - commit_granule_bytes: 65536.
 - commit_granule_words: 8192.
 - virtual_space_node_default_size: 8388608.
 - enlarge_chunks_in_place: 1.
UseCompressedClassPointers 1, UseCompactObjectHeaders 0
Narrow klass pointer bits 32, Max shift 3
Narrow klass base: 0x000001b904000000, Narrow klass shift: 0
Encoding Range: [0x000001b904000000 - 0x000001ba04000000), (4294967296 bytes)
Klass Range:    [0x000001b904000000 - 0x000001b945000000), (1090519040 bytes)
Klass ID Range:  [8 - 1090519033) (1090519025)


Internal statistics:

num_allocs_failed_limit: 0.
num_arena_births: 234.
num_arena_deaths: 0.
num_vsnodes_births: 2.
num_vsnodes_deaths: 0.
num_space_committed: 304.
num_space_uncommitted: 0.
num_chunks_returned_to_freelist: 0.
num_chunks_taken_from_freelist: 860.
num_chunk_merges: 0.
num_chunk_splits: 593.
num_chunks_enlarged: 464.
num_inconsistent_stats: 0.

CodeHeap 'non-profiled nmethods': size=119232Kb used=941Kb max_used=941Kb free=118290Kb
 bounds [0x000001b9741d0000, 0x000001b974440000, 0x000001b97b640000]
CodeHeap 'profiled nmethods': size=119104Kb used=5799Kb max_used=5799Kb free=113304Kb
 bounds [0x000001b96c640000, 0x000001b96cbf0000, 0x000001b973a90000]
CodeHeap 'non-nmethods': size=7424Kb used=3054Kb max_used=3114Kb free=4369Kb
 bounds [0x000001b973a90000, 0x000001b973da0000, 0x000001b9741d0000]
CodeCache: size=245760Kb, used=9794Kb, max_used=9854Kb, free=235963Kb
 total_blobs=3855, nmethods=3328, adapters=428, full_count=0
Compilation: enabled, stopped_count=0, restarted_count=0

Compilation events (20 events):
Event: 1.202 Thread 0x000001b97ffa6c60 3209       4       org.springframework.core.annotation.AnnotationTypeMapping$MirrorSets::resolve (126 bytes)
Event: 1.202 Thread 0x000001b949e50d70 3217       3       org.springframework.core.annotation.TypeMappedAnnotation::getValueFromMetaAnnotation (55 bytes)
Event: 1.202 Thread 0x000001b949020dc0 3218       3       org.springframework.core.annotation.AbstractMergedAnnotation$$Lambda/0x000001b905183190::apply (8 bytes)
Event: 1.202 Thread 0x000001b9490c9c30 3219       3       org.springframework.core.annotation.AbstractMergedAnnotation::lambda$asAnnotationAttributes$0 (14 bytes)
Event: 1.202 Thread 0x000001b949e50d70 nmethod 3217 0x000001b96cba2b88 code [0x000001b96cba2ce0, 0x000001b96cba31f8]
Event: 1.202 Thread 0x000001b949020dc0 nmethod 3218 0x000001b96cba3288 code [0x000001b96cba33e0, 0x000001b96cba3818]
Event: 1.202 Thread 0x000001b949e50d70 3220       3       org.springframework.core.annotation.AnnotationAttributes::<init> (7 bytes)
Event: 1.202 Thread 0x000001b949020dc0 3221       3       org.springframework.core.annotation.AnnotationAttributes::<init> (29 bytes)
Event: 1.202 Thread 0x000001b9490c9c30 nmethod 3219 0x000001b96cba3888 code [0x000001b96cba3a20, 0x000001b96cba4258]
Event: 1.202 Thread 0x000001b94911bed0 nmethod 3215 0x000001b96cba4308 code [0x000001b96cba46e0, 0x000001b96cba6290]
Event: 1.202 Thread 0x000001b949e50d70 nmethod 3220 0x000001b96cba6388 code [0x000001b96cba6500, 0x000001b96cba6ba0]
Event: 1.203 Thread 0x000001b949020dc0 nmethod 3221 0x000001b96cba6c08 code [0x000001b96cba6d80, 0x000001b96cba73b8]
Event: 1.203 Thread 0x000001b9490c9c30 3222       3       org.springframework.core.annotation.AbstractMergedAnnotation::asAnnotationAttributes (14 bytes)
Event: 1.203 Thread 0x000001b949e50d70 3223       3       org.springframework.core.annotation.MergedAnnotationSelectors$FirstDirectlyDeclared::isBestCandidate (15 bytes)
Event: 1.203 Thread 0x000001b949020dc0 3224       1       org.springframework.core.type.classreading.SimpleMethodMetadata::getReturnTypeName (5 bytes)
Event: 1.203 Thread 0x000001b9490c9c30 nmethod 3222 0x000001b96cba7488 code [0x000001b96cba75c0, 0x000001b96cba7978]
Event: 1.203 Thread 0x000001b949e50d70 nmethod 3223 0x000001b96cba7a08 code [0x000001b96cba7b20, 0x000001b96cba7d40]
Event: 1.203 Thread 0x000001b949020dc0 nmethod 3224 0x000001b9742b7e08 code [0x000001b9742b7f00, 0x000001b9742b7fc8]
Event: 1.203 Thread 0x000001b9490c9c30 3225       1       org.springframework.core.type.classreading.SimpleMethodMetadata::getMethodName (5 bytes)
Event: 1.203 Thread 0x000001b9490c9c30 nmethod 3225 0x000001b9742b8108 code [0x000001b9742b8200, 0x000001b9742b82c8]

GC Heap History (2 events):
Event: 0.793 GC heap before
{Heap before GC invocations=0 (full 0):
 garbage-first heap   total reserved 3993600K, committed 251904K, used 48240K [0x000000070c400000, 0x0000000800000000)
  region size 2048K, 24 young (49152K), 0 survivors (0K)
 Metaspace       used 12516K, committed 12800K, reserved 1114112K
  class space    used 1218K, committed 1344K, reserved 1048576K
}
Event: 0.798 GC heap after
{Heap after GC invocations=1 (full 0):
 garbage-first heap   total reserved 3993600K, committed 251904K, used 7301K [0x000000070c400000, 0x0000000800000000)
  region size 2048K, 3 young (6144K), 3 survivors (6144K)
 Metaspace       used 12516K, committed 12800K, reserved 1114112K
  class space    used 1218K, committed 1344K, reserved 1048576K
}

Dll operation events (10 events):
Event: 0.008 Loaded shared library C:\Users\thepo\.jdks\openjdk-24.0.1\bin\java.dll
Event: 0.028 Loaded shared library C:\Users\thepo\.jdks\openjdk-24.0.1\bin\jsvml.dll
Event: 0.078 Loaded shared library C:\Users\thepo\.jdks\openjdk-24.0.1\bin\zip.dll
Event: 0.080 Loaded shared library C:\Users\thepo\.jdks\openjdk-24.0.1\bin\instrument.dll
Event: 0.083 Loaded shared library C:\Users\thepo\.jdks\openjdk-24.0.1\bin\net.dll
Event: 0.085 Loaded shared library C:\Users\thepo\.jdks\openjdk-24.0.1\bin\nio.dll
Event: 0.087 Loaded shared library C:\Users\thepo\.jdks\openjdk-24.0.1\bin\zip.dll
Event: 0.132 Loaded shared library C:\Users\thepo\.jdks\openjdk-24.0.1\bin\extnet.dll
Event: 0.151 Loaded shared library C:\Users\thepo\.jdks\openjdk-24.0.1\bin\jimage.dll
Event: 0.959 Loaded shared library C:\Users\thepo\.jdks\openjdk-24.0.1\bin\sunmscapi.dll

Deoptimization events (20 events):
Event: 1.124 Thread 0x000001b96191a680 Uncommon trap: trap_request=0xffffffcc fr.pc=0x000001b9742ada6c relative=0x00000000000003ac
Event: 1.124 Thread 0x000001b96191a680 Uncommon trap: reason=intrinsic_or_type_checked_inlining action=make_not_entrant pc=0x000001b9742ada6c method=java.util.Arrays.copyOf([Ljava/lang/Object;ILjava/lang/Class;)[Ljava/lang/Object; @ 35 c2
Event: 1.124 Thread 0x000001b96191a680 DEOPT PACKING pc=0x000001b9742ada6c sp=0x00000032eccfdce0
Event: 1.124 Thread 0x000001b96191a680 DEOPT UNPACKING pc=0x000001b973ba5c02 sp=0x00000032eccfdc70 mode 2
Event: 1.165 Thread 0x000001b96191a680 Uncommon trap: trap_request=0xffffffde fr.pc=0x000001b9741e0bdc relative=0x00000000000001dc
Event: 1.165 Thread 0x000001b96191a680 Uncommon trap: reason=class_check action=maybe_recompile pc=0x000001b9741e0bdc method=java.lang.String.equals(Ljava/lang/Object;)Z @ 8 c2
Event: 1.165 Thread 0x000001b96191a680 DEOPT PACKING pc=0x000001b9741e0bdc sp=0x00000032eccfe400
Event: 1.165 Thread 0x000001b96191a680 DEOPT UNPACKING pc=0x000001b973ba5c02 sp=0x00000032eccfe388 mode 2
Event: 1.165 Thread 0x000001b96191a680 Uncommon trap: trap_request=0xffffffde fr.pc=0x000001b9741e0bdc relative=0x00000000000001dc
Event: 1.165 Thread 0x000001b96191a680 Uncommon trap: reason=class_check action=maybe_recompile pc=0x000001b9741e0bdc method=java.lang.String.equals(Ljava/lang/Object;)Z @ 8 c2
Event: 1.165 Thread 0x000001b96191a680 DEOPT PACKING pc=0x000001b9741e0bdc sp=0x00000032eccfe400
Event: 1.165 Thread 0x000001b96191a680 DEOPT UNPACKING pc=0x000001b973ba5c02 sp=0x00000032eccfe388 mode 2
Event: 1.165 Thread 0x000001b96191a680 Uncommon trap: trap_request=0xffffffde fr.pc=0x000001b9741e0bdc relative=0x00000000000001dc
Event: 1.165 Thread 0x000001b96191a680 Uncommon trap: reason=class_check action=maybe_recompile pc=0x000001b9741e0bdc method=java.lang.String.equals(Ljava/lang/Object;)Z @ 8 c2
Event: 1.165 Thread 0x000001b96191a680 DEOPT PACKING pc=0x000001b9741e0bdc sp=0x00000032eccfe400
Event: 1.165 Thread 0x000001b96191a680 DEOPT UNPACKING pc=0x000001b973ba5c02 sp=0x00000032eccfe388 mode 2
Event: 1.165 Thread 0x000001b96191a680 Uncommon trap: trap_request=0xffffffde fr.pc=0x000001b9741e0bdc relative=0x00000000000001dc
Event: 1.166 Thread 0x000001b96191a680 Uncommon trap: reason=class_check action=maybe_recompile pc=0x000001b9741e0bdc method=java.lang.String.equals(Ljava/lang/Object;)Z @ 8 c2
Event: 1.166 Thread 0x000001b96191a680 DEOPT PACKING pc=0x000001b9741e0bdc sp=0x00000032eccfe400
Event: 1.166 Thread 0x000001b96191a680 DEOPT UNPACKING pc=0x000001b973ba5c02 sp=0x00000032eccfe388 mode 2

Classes loaded (20 events):
Event: 0.988 Loading class javax/naming/ldap/LdapContext
Event: 0.988 Loading class javax/naming/directory/DirContext
Event: 0.988 Loading class javax/naming/directory/DirContext done
Event: 0.988 Loading class javax/naming/ldap/LdapContext done
Event: 1.016 Loading class java/lang/invoke/TypeConvertingMethodAdapter$BoxHolder
Event: 1.016 Loading class java/lang/invoke/TypeConvertingMethodAdapter$BoxHolder done
Event: 1.052 Loading class java/util/stream/Streams$ConcatSpliterator$OfRef
Event: 1.052 Loading class java/util/stream/Streams$ConcatSpliterator
Event: 1.052 Loading class java/util/stream/Streams$ConcatSpliterator done
Event: 1.052 Loading class java/util/stream/Streams$ConcatSpliterator$OfRef done
Event: 1.052 Loading class java/util/stream/Streams$2
Event: 1.052 Loading class java/util/stream/Streams$2 done
Event: 1.114 Loading class java/security/AccessControlException
Event: 1.114 Loading class java/security/AccessControlException done
Event: 1.119 Loading class java/beans/PropertyVetoException
Event: 1.119 Loading class java/beans/PropertyVetoException done
Event: 1.129 Loading class java/nio/charset/CharacterCodingException
Event: 1.129 Loading class java/nio/charset/CharacterCodingException done
Event: 1.129 Loading class java/lang/foreign/MemorySegment
Event: 1.129 Loading class java/lang/foreign/MemorySegment done

Classes unloaded (0 events):
No events

Classes redefined (0 events):
No events

Internal exceptions (20 events):
Event: 0.533 Thread 0x000001b96191a680 Exception <a 'java/lang/NoSuchMethodError'{0x0000000719cc51d8}: 'int java.lang.invoke.DirectMethodHandle$Holder.invokeSpecialIFC(java.lang.Object, java.lang.Object, java.lang.Object, java.lang.Object)'> (0x0000000719cc51d8) 
thrown [s\open\src\hotspot\share\interpreter\linkResolver.cpp, line 805]
Event: 0.555 Thread 0x000001b96191a680 Exception <a 'java/lang/NoSuchMethodError'{0x0000000719db5ea8}: 'void java.lang.invoke.DirectMethodHandle$Holder.invokeInterface(java.lang.Object, java.lang.Object, java.lang.Object)'> (0x0000000719db5ea8) 
thrown [s\open\src\hotspot\share\interpreter\linkResolver.cpp, line 805]
Event: 0.572 Thread 0x000001b96191a680 Exception <a 'java/lang/NoSuchMethodError'{0x0000000719a49140}: 'void java.lang.invoke.DirectMethodHandle$Holder.invokeStaticInit(java.lang.Object, java.lang.Object, java.lang.Object)'> (0x0000000719a49140) 
thrown [s\open\src\hotspot\share\interpreter\linkResolver.cpp, line 805]
Event: 0.592 Thread 0x000001b96191a680 Exception <a 'java/lang/NoSuchMethodError'{0x0000000719b158f8}: 'void java.lang.invoke.DirectMethodHandle$Holder.invokeVirtual(java.lang.Object, java.lang.Object, java.lang.Object, java.lang.Object)'> (0x0000000719b158f8) 
thrown [s\open\src\hotspot\share\interpreter\linkResolver.cpp, line 805]
Event: 0.662 Thread 0x000001b97ff91090 Exception <a 'java/lang/NoClassDefFoundError'{0x000000071970a7c0}: jakarta/validation/Validation> (0x000000071970a7c0) 
thrown [s\open\src\hotspot\share\classfile\systemDictionary.cpp, line 316]
Event: 0.673 Thread 0x000001b96191a680 Exception <a 'java/lang/IncompatibleClassChangeError'{0x000000071944e4f0}: Found class java.lang.Object, but interface was expected> (0x000000071944e4f0) 
thrown [s\open\src\hotspot\share\interpreter\linkResolver.cpp, line 872]
Event: 0.675 Thread 0x000001b96191a680 Exception <a 'java/lang/NoSuchMethodError'{0x0000000719465b30}: 'int java.lang.invoke.DirectMethodHandle$Holder.invokeVirtual(java.lang.Object, java.lang.Object)'> (0x0000000719465b30) 
thrown [s\open\src\hotspot\share\interpreter\linkResolver.cpp, line 805]
Event: 0.753 Thread 0x000001b96191a680 Exception <a 'java/lang/NoSuchMethodError'{0x0000000718d49c28}: 'java.lang.Object java.lang.invoke.DirectMethodHandle$Holder.invokeStatic(java.lang.Object, int, java.lang.Object)'> (0x0000000718d49c28) 
thrown [s\open\src\hotspot\share\interpreter\linkResolver.cpp, line 805]
Event: 0.877 Thread 0x000001b97ff91090 Exception <a 'java/lang/NoSuchMethodError'{0x000000071ae421e0}: 'long java.lang.invoke.DirectMethodHandle$Holder.invokeSpecial(java.lang.Object, java.lang.Object)'> (0x000000071ae421e0) 
thrown [s\open\src\hotspot\share\interpreter\linkResolver.cpp, line 805]
Event: 0.878 Thread 0x000001b97ff91090 Exception <a 'java/lang/NoSuchMethodError'{0x000000071ae602b0}: 'long java.lang.invoke.DirectMethodHandle$Holder.invokeStatic(java.lang.Object, java.lang.Object)'> (0x000000071ae602b0) 
thrown [s\open\src\hotspot\share\interpreter\linkResolver.cpp, line 805]
Event: 0.878 Thread 0x000001b97ff91090 Exception <a 'java/lang/NoSuchMethodError'{0x000000071ae68020}: 'long java.lang.invoke.DirectMethodHandle$Holder.invokeStaticInit(java.lang.Object, java.lang.Object)'> (0x000000071ae68020) 
thrown [s\open\src\hotspot\share\interpreter\linkResolver.cpp, line 805]
Event: 0.880 Thread 0x000001b97ff91090 Exception <a 'java/lang/NoSuchMethodError'{0x000000071af49d40}: 'long java.lang.invoke.DirectMethodHandle$Holder.invokeInterface(java.lang.Object, java.lang.Object)'> (0x000000071af49d40) 
thrown [s\open\src\hotspot\share\interpreter\linkResolver.cpp, line 805]
Event: 0.880 Thread 0x000001b97ff91090 Exception <a 'java/lang/IncompatibleClassChangeError'{0x000000071af519c0}: Found class java.lang.Object, but interface was expected> (0x000000071af519c0) 
thrown [s\open\src\hotspot\share\interpreter\linkResolver.cpp, line 872]
Event: 0.883 Thread 0x000001b97ff91090 Exception <a 'java/lang/NoSuchMethodError'{0x000000071af6e0e8}: 'java.lang.Object java.lang.invoke.DirectMethodHandle$Holder.invokeVirtual(java.lang.Object, java.lang.Object, java.lang.Object, java.lang.Object)'> (0x000000071af6e0e8) 
thrown [s\open\src\hotspot\share\interpreter\linkResolver.cpp, line 805]
Event: 0.890 Thread 0x000001b96191a680 Exception <a 'java/lang/NoSuchMethodError'{0x000000071afd91d8}: 'java.lang.Object java.lang.invoke.DirectMethodHandle$Holder.invokeVirtual(java.lang.Object, java.lang.Object, java.lang.Object)'> (0x000000071afd91d8) 
thrown [s\open\src\hotspot\share\interpreter\linkResolver.cpp, line 805]
Event: 0.894 Thread 0x000001b97ff91090 Exception <a 'java/lang/NoSuchMethodError'{0x000000071ac4c2f8}: 'java.lang.Object java.lang.invoke.DirectMethodHandle$Holder.newInvokeSpecial(java.lang.Object, java.lang.Object, java.lang.Object, int)'> (0x000000071ac4c2f8) 
thrown [s\open\src\hotspot\share\interpreter\linkResolver.cpp, line 805]
Event: 0.894 Thread 0x000001b97ff91090 Exception <a 'java/lang/NoSuchMethodError'{0x000000071ac54dd8}: 'java.lang.Object java.lang.invoke.Invokers$Holder.linkToTargetMethod(java.lang.Object, java.lang.Object, int, java.lang.Object)'> (0x000000071ac54dd8) 
thrown [s\open\src\hotspot\share\interpreter\linkResolver.cpp, line 805]
Event: 0.899 Thread 0x000001b96191a680 Exception <a 'java/lang/NoSuchMethodError'{0x000000071ac9a8a0}: 'int java.lang.invoke.DirectMethodHandle$Holder.invokeSpecial(java.lang.Object, java.lang.Object, java.lang.Object, java.lang.Object, java.lang.Object)'> (0x000000071ac9a8a0) 
thrown [s\open\src\hotspot\share\interpreter\linkResolver.cpp, line 805]
Event: 0.901 Thread 0x000001b96191a680 Exception <a 'java/lang/NoSuchMethodError'{0x000000071acac768}: 'void java.lang.invoke.DirectMethodHandle$Holder.invokeVirtual(java.lang.Object, java.lang.Object)'> (0x000000071acac768) 
thrown [s\open\src\hotspot\share\interpreter\linkResolver.cpp, line 805]
Event: 1.010 Thread 0x000001b96191a680 Exception <a 'java/lang/IncompatibleClassChangeError'{0x000000071a509cc8}: Found class java.lang.Object, but interface was expected> (0x000000071a509cc8) 
thrown [s\open\src\hotspot\share\interpreter\linkResolver.cpp, line 872]

VM Operations (20 events):
Event: 0.651 Executing VM operation: HandshakeAllThreads (Deoptimize)
Event: 0.651 Executing VM operation: HandshakeAllThreads (Deoptimize) done
Event: 0.654 Executing VM operation: HandshakeAllThreads (Deoptimize)
Event: 0.654 Executing VM operation: HandshakeAllThreads (Deoptimize) done
Event: 0.654 Executing VM operation: HandshakeAllThreads (Deoptimize)
Event: 0.654 Executing VM operation: HandshakeAllThreads (Deoptimize) done
Event: 0.745 Executing VM operation: HandshakeAllThreads (Deoptimize)
Event: 0.745 Executing VM operation: HandshakeAllThreads (Deoptimize) done
Event: 0.793 Executing VM operation: G1CollectForAllocation (G1 Evacuation Pause)
Event: 0.798 Executing VM operation: G1CollectForAllocation (G1 Evacuation Pause) done
Event: 0.835 Executing VM operation: HandshakeAllThreads (Deoptimize)
Event: 0.835 Executing VM operation: HandshakeAllThreads (Deoptimize) done
Event: 0.877 Executing VM operation: HandshakeAllThreads (Deoptimize)
Event: 0.877 Executing VM operation: HandshakeAllThreads (Deoptimize) done
Event: 0.923 Executing VM operation: HandshakeAllThreads (Deoptimize)
Event: 0.923 Executing VM operation: HandshakeAllThreads (Deoptimize) done
Event: 0.947 Executing VM operation: HandshakeAllThreads (Deoptimize)
Event: 0.947 Executing VM operation: HandshakeAllThreads (Deoptimize) done
Event: 1.014 Executing VM operation: HandshakeAllThreads (Deoptimize)
Event: 1.014 Executing VM operation: HandshakeAllThreads (Deoptimize) done

Memory protections (0 events):
No events

Nmethod flushes (0 events):
No events

Events (20 events):
Event: 0.026 Thread 0x000001b96191a680 Thread added: 0x000001b97ff883e0
Event: 0.027 Thread 0x000001b96191a680 Thread added: 0x000001b97ff88b20
Event: 0.027 Thread 0x000001b96191a680 Thread added: 0x000001b97ff8aa70
Event: 0.027 Thread 0x000001b96191a680 Thread added: 0x000001b97ff8bb30
Event: 0.027 Thread 0x000001b96191a680 Thread added: 0x000001b97ff901f0
Event: 0.027 Thread 0x000001b96191a680 Thread added: 0x000001b97ff90940
Event: 0.027 Thread 0x000001b96191a680 Thread added: 0x000001b97ffa6c60
Event: 0.027 Thread 0x000001b96191a680 Thread added: 0x000001b949020dc0
Event: 0.068 Thread 0x000001b949020dc0 Thread added: 0x000001b9490c9c30
Event: 0.069 Thread 0x000001b9490c9c30 Thread added: 0x000001b94911bed0
Event: 0.082 Thread 0x000001b96191a680 Thread added: 0x000001b97ff917e0
Event: 0.093 Thread 0x000001b97ffa6c60 Thread added: 0x000001b9492a4090
Event: 0.093 Thread 0x000001b97ffa6c60 Thread added: 0x000001b9492a6c40
Event: 0.125 Thread 0x000001b96191a680 Thread added: 0x000001b97ff8ec00
Event: 0.125 Thread 0x000001b96191a680 Thread added: 0x000001b97ff8e4b0
Event: 0.660 Thread 0x000001b96191a680 Thread added: 0x000001b97ff91090
Event: 0.733 Thread 0x000001b949020dc0 Thread added: 0x000001b949e50d70
Event: 0.969 Thread 0x000001b97ff91090 Thread exited: 0x000001b97ff91090
Event: 0.979 Thread 0x000001b96191a680 Thread added: 0x000001b949e6ad70
Event: 0.998 Thread 0x000001b949e6ad70 Thread exited: 0x000001b949e6ad70


Dynamic libraries:
0x00007ff7d7560000 - 0x00007ff7d756e000 	C:\Users\thepo\.jdks\openjdk-24.0.1\bin\java.exe
0x00007ff9dca20000 - 0x00007ff9dcc85000 	C:\WINDOWS\SYSTEM32\ntdll.dll
0x00007ff9dc080000 - 0x00007ff9dc149000 	C:\WINDOWS\System32\KERNEL32.DLL
0x00007ff9d9c60000 - 0x00007ff9da048000 	C:\WINDOWS\System32\KERNELBASE.dll
0x00007ff9da4f0000 - 0x00007ff9da63b000 	C:\WINDOWS\System32\ucrtbase.dll
0x00007ff9c6610000 - 0x00007ff9c6626000 	C:\Users\thepo\.jdks\openjdk-24.0.1\bin\jli.dll
0x00007ff9bdd80000 - 0x00007ff9bdd9b000 	C:\Users\thepo\.jdks\openjdk-24.0.1\bin\VCRUNTIME140.dll
0x00007ff9da9a0000 - 0x00007ff9dab6a000 	C:\WINDOWS\System32\USER32.dll
0x00007ff9c5440000 - 0x00007ff9c56da000 	C:\WINDOWS\WinSxS\amd64_microsoft.windows.common-controls_6595b64144ccf1df_6.0.26100.4202_none_3e0698d4e335f517\COMCTL32.dll
0x00007ff9d9c30000 - 0x00007ff9d9c57000 	C:\WINDOWS\System32\win32u.dll
0x00007ff9dc900000 - 0x00007ff9dc92b000 	C:\WINDOWS\System32\GDI32.dll
0x00007ff9dab70000 - 0x00007ff9dac19000 	C:\WINDOWS\System32\msvcrt.dll
0x00007ff9da050000 - 0x00007ff9da187000 	C:\WINDOWS\System32\gdi32full.dll
0x00007ff9da230000 - 0x00007ff9da2d3000 	C:\WINDOWS\System32\msvcp_win.dll
0x00007ff9dbcf0000 - 0x00007ff9dbd20000 	C:\WINDOWS\System32\IMM32.DLL
0x00007ff9c6600000 - 0x00007ff9c660c000 	C:\Users\thepo\.jdks\openjdk-24.0.1\bin\vcruntime140_1.dll
0x00007ff9855b0000 - 0x00007ff98563e000 	C:\Users\thepo\.jdks\openjdk-24.0.1\bin\msvcp140.dll
0x00007ff8dc750000 - 0x00007ff8dd4f2000 	C:\Users\thepo\.jdks\openjdk-24.0.1\bin\server\jvm.dll
0x00007ff9db670000 - 0x00007ff9db723000 	C:\WINDOWS\System32\ADVAPI32.dll
0x00007ff9dc930000 - 0x00007ff9dc9d6000 	C:\WINDOWS\System32\sechost.dll
0x00007ff9dac20000 - 0x00007ff9dad35000 	C:\WINDOWS\System32\RPCRT4.dll
0x00007ff9dbeb0000 - 0x00007ff9dbf24000 	C:\WINDOWS\System32\WS2_32.dll
0x00007ff9d8770000 - 0x00007ff9d87ce000 	C:\WINDOWS\SYSTEM32\POWRPROF.dll
0x00007ff9cabc0000 - 0x00007ff9cabcb000 	C:\WINDOWS\SYSTEM32\VERSION.dll
0x00007ff9cb800000 - 0x00007ff9cb835000 	C:\WINDOWS\SYSTEM32\WINMM.dll
0x00007ff9d8750000 - 0x00007ff9d8764000 	C:\WINDOWS\SYSTEM32\UMPDC.dll
0x00007ff9d8a50000 - 0x00007ff9d8a6b000 	C:\WINDOWS\SYSTEM32\kernel.appcore.dll
0x00007ff9b7f40000 - 0x00007ff9b7f4a000 	C:\Users\thepo\.jdks\openjdk-24.0.1\bin\jimage.dll
0x00007ff9d7320000 - 0x00007ff9d7561000 	C:\WINDOWS\SYSTEM32\DBGHELP.DLL
0x00007ff9db730000 - 0x00007ff9dbab5000 	C:\WINDOWS\System32\combase.dll
0x00007ff9dc280000 - 0x00007ff9dc361000 	C:\WINDOWS\System32\OLEAUT32.dll
0x00007ff9c1f40000 - 0x00007ff9c1f79000 	C:\WINDOWS\SYSTEM32\dbgcore.DLL
0x00007ff9da190000 - 0x00007ff9da229000 	C:\WINDOWS\System32\bcryptPrimitives.dll
0x00007ff9b7f30000 - 0x00007ff9b7f3f000 	C:\Users\thepo\.jdks\openjdk-24.0.1\bin\instrument.dll
0x00007ff9b73c0000 - 0x00007ff9b73de000 	C:\Users\thepo\.jdks\openjdk-24.0.1\bin\java.dll
0x00007ff9dbac0000 - 0x00007ff9dbc5e000 	C:\WINDOWS\System32\ole32.dll
0x00007ff9daf10000 - 0x00007ff9db652000 	C:\WINDOWS\System32\SHELL32.dll
0x00007ff9da640000 - 0x00007ff9da7b4000 	C:\WINDOWS\System32\wintypes.dll
0x00007ff9d77c0000 - 0x00007ff9d8018000 	C:\WINDOWS\SYSTEM32\windows.storage.dll
0x00007ff9dbf30000 - 0x00007ff9dc021000 	C:\WINDOWS\System32\SHCORE.dll
0x00007ff9dc400000 - 0x00007ff9dc46a000 	C:\WINDOWS\System32\shlwapi.dll
0x00007ff9d9a80000 - 0x00007ff9d9aaf000 	C:\WINDOWS\SYSTEM32\profapi.dll
0x00007ff97a560000 - 0x00007ff97a637000 	C:\Users\thepo\.jdks\openjdk-24.0.1\bin\jsvml.dll
0x00007ff9a2450000 - 0x00007ff9a2467000 	C:\Users\thepo\.jdks\openjdk-24.0.1\bin\zip.dll
0x00007ff9b73b0000 - 0x00007ff9b73c0000 	C:\Users\thepo\.jdks\openjdk-24.0.1\bin\net.dll
0x00007ff9d8fc0000 - 0x00007ff9d902a000 	C:\WINDOWS\system32\mswsock.dll
0x00007ff9b3a50000 - 0x00007ff9b3a66000 	C:\Users\thepo\.jdks\openjdk-24.0.1\bin\nio.dll
0x00007ff9b73a0000 - 0x00007ff9b73a9000 	C:\Users\thepo\.jdks\openjdk-24.0.1\bin\extnet.dll
0x00007ff9b6ea0000 - 0x00007ff9b6eae000 	C:\Users\thepo\.jdks\openjdk-24.0.1\bin\sunmscapi.dll
0x00007ff9da2e0000 - 0x00007ff9da457000 	C:\WINDOWS\System32\CRYPT32.dll
0x00007ff9d9490000 - 0x00007ff9d94c0000 	C:\WINDOWS\SYSTEM32\ncrypt.dll
0x00007ff9d9440000 - 0x00007ff9d947f000 	C:\WINDOWS\SYSTEM32\NTASN1.dll

JVMTI agents:
C:\Program Files\JetBrains\IntelliJ IDEA Community Edition 2025.1\lib\idea_rt.jar path:C:\Users\thepo\.jdks\openjdk-24.0.1\bin\instrument.dll, loaded, initialized, instrumentlib options:55096

dbghelp: loaded successfully - version: 4.0.5 - missing functions: none
symbol engine: initialized successfully - sym options: 0x614 - pdb path: .;C:\Users\thepo\.jdks\openjdk-24.0.1\bin;C:\WINDOWS\SYSTEM32;C:\WINDOWS\WinSxS\amd64_microsoft.windows.common-controls_6595b64144ccf1df_6.0.26100.4202_none_3e0698d4e335f517;C:\Users\thepo\.jdks\openjdk-24.0.1\bin\server

VM Arguments:
jvm_args: -javaagent:C:\Program Files\JetBrains\IntelliJ IDEA Community Edition 2025.1\lib\idea_rt.jar=55096 -Dfile.encoding=UTF-8 -Dsun.stdout.encoding=UTF-8 -Dsun.stderr.encoding=UTF-8 
java_command: com.example.portfolio.PortfolioApplication
java_class_path (initial): C:\Users\thepo\OneDrive\Desktop\AIPoweredPortfolioManager\portfolio\target\classes;C:\Users\thepo\.m2\repository\org\springframework\boot\spring-boot-starter-data-jdbc\3.5.3\spring-boot-starter-data-jdbc-3.5.3.jar;C:\Users\thepo\.m2\repository\org\springframework\boot\spring-boot-starter-jdbc\3.5.3\spring-boot-starter-jdbc-3.5.3.jar;C:\Users\thepo\.m2\repository\com\zaxxer\HikariCP\6.3.0\HikariCP-6.3.0.jar;C:\Users\thepo\.m2\repository\org\springframework\spring-jdbc\6.2.8\spring-jdbc-6.2.8.jar;C:\Users\thepo\.m2\repository\org\springframework\data\spring-data-jdbc\3.5.1\spring-data-jdbc-3.5.1.jar;C:\Users\thepo\.m2\repository\org\springframework\data\spring-data-relational\3.5.1\spring-data-relational-3.5.1.jar;C:\Users\thepo\.m2\repository\org\springframework\data\spring-data-commons\3.5.1\spring-data-commons-3.5.1.jar;C:\Users\thepo\.m2\repository\org\springframework\spring-tx\6.2.8\spring-tx-6.2.8.jar;C:\Users\thepo\.m2\repository\org\springframework\spring-context\6.2.8\spring-context-6.2.8.jar;C:\Users\thepo\.m2\repository\org\springframework\spring-beans\6.2.8\spring-beans-6.2.8.jar;C:\Users\thepo\.m2\repository\org\slf4j\slf4j-api\2.0.17\slf4j-api-2.0.17.jar;C:\Users\thepo\.m2\repository\org\springframework\boot\spring-boot-starter-web\3.5.3\spring-boot-starter-web-3.5.3.jar;C:\Users\thepo\.m2\repository\org\springframework\boot\spring-boot-starter\3.5.3\spring-boot-starter-3.5.3.jar;C:\Users\thepo\.m2\repository\org\springframework\boot\spring-boot\3.5.3\spring-boot-3.5.3.jar;C:\Users\thepo\.m2\repository\org\springframework\boot\spring-boot-autoconfigure\3.5.3\spring-boot-autoconfigure-3.5.3.jar;C:\Users\thepo\.m2\repository\org\springframework\boot\spring-boot-starter-logging\3.5.3\spring-boot-starter-logging-3.5.3.jar;C:\Users\thepo\.m2\repository\ch\qos\logback\logback-classic\1.5.18\logback-classic-1.5.18.jar;C:\Users\thepo\.m2\repository\ch\qos\logback\logback-core\1.5.18\logback-core-1.5.18.jar;C:\Users\thepo\.m2\repository\org\apache\logging\log4j\log4j-to-slf4j\2.24.3\log4j-to-slf4j-2.24.3.jar;C:\Users\thepo\.m2\repository\org\apache\logging\log4j\log4j-api\2.24.3\log4j-api-2.24.3.jar;C:\Users\thepo\.m2\repository\org\slf4j\jul-to-slf4j\2.0.17\jul-to-slf4j-2.0.17.jar;C:\Users\thepo\.m2\repository\jakarta\annotation\jakarta.annotation-api\2.1.1\jakarta.annotation-api-2.1.1.jar;C:\Users\thepo\.m2\repository\org\yaml\snakeyaml\2.4\snakeyaml-2.4.jar;C:\Users\thepo\.m2\repository\org\springframework\boot\spring-boot-starter-json\3.5.3\spring-boot-starter-json-3.5.3.jar;C:\Users\thepo\.m2\repository\com\fasterxml\jackson\core\jackson-databind\2.19.1\jackson-databind-2.19.1.jar;C:\Users\thepo\.m2\repository\com\fasterxml\jackson\core\jackson-annotations\2.19.1\jackson-annotations-2.19.1.jar;C:\Users\thepo\.m2\repository\com\fasterxml\jackson\core\jackson-core\2.19.1\jackson-core-2.19.1.jar;C:\Users\thepo\.m2\repository\com\fasterxml\jackson\datatype\jackson-datatype-jdk8\2.19.1\jackson-datatype-jdk8-2.19.1.jar;C:\Users\thepo\.m2\repository\com\fasterxml\jackson\datatype\jackson-datatype-jsr310\2.19.1\jackson-datatype-jsr310-2.19.1.jar;C:\Users\thepo\.m2\repository\com\fasterxml\jackson\module\jackson-module-parameter-names\2.19.1\jackson-module-parameter-names-2.19.1.jar;C:\Users\thepo\.m2\repository\org\springframework\boot\spring-boot-starter-tomcat\3.5.3\spring-boot-starter-tomcat-3.5.3.jar;C:\Users\thepo\.m2\repository\org\apache\tomcat\embed\tomcat-embed-core\10.1.42\tomcat-embed-core-10.1.42.jar;C:\Users\thepo\.m2\repository\org\apache\tomcat\embed\tomcat-embed-el\10.1.42\tomcat-embed-el-10.1.42.jar;C:\Users\thepo\.m2\repository\org\apache\tomcat\embed\tomcat-embed-websocket\10.1.42\tomcat-embed-websocket-10.1.42.jar;C:\Users\thepo\.m2\repository\org\springframework\spring-web\6.2.8\spring-web-6.2.8.jar;C:\Users\thepo\.m2\repository\io\micrometer\micrometer-observation\1.15.1\micrometer-observation-1.15.1.jar;C:\Users\thepo\.m2\repository\io\micrometer\micrometer-commons\1.15.1\micrometer-commons-1.15.1.jar;C:\Users\thepo\.m2\repository\org\springframework\spring-webmvc\6.2.8\spring-webmvc-6.2.8.jar;C:\Users\thepo\.m2\repository\org\springframework\spring-aop\6.2.8\spring-aop-6.2.8.jar;C:\Users\thepo\.m2\repository\org\springframework\spring-expression\6.2.8\spring-expression-6.2.8.jar;C:\Users\thepo\.m2\repository\org\postgresql\postgresql\42.7.7\postgresql-42.7.7.jar;C:\Users\thepo\.m2\repository\org\checkerframework\checker-qual\3.49.3\checker-qual-3.49.3.jar;C:\Users\thepo\.m2\repository\org\springframework\spring-core\6.2.8\spring-core-6.2.8.jar;C:\Users\thepo\.m2\repository\org\springframework\spring-jcl\6.2.8\spring-jcl-6.2.8.jar
Launcher Type: SUN_STANDARD

[Global flags]
     intx CICompilerCount                          = 12                                        {product} {ergonomic}
     uint ConcGCThreads                            = 3                                         {product} {ergonomic}
     uint G1ConcRefinementThreads                  = 13                                        {product} {ergonomic}
   size_t G1HeapRegionSize                         = 2097152                                   {product} {ergonomic}
   size_t InitialHeapSize                          = 255852544                                 {product} {ergonomic}
   size_t MarkStackSize                            = 4194304                                   {product} {ergonomic}
   size_t MarkStackSizeMax                         = 536870912                                 {product} {ergonomic}
   size_t MaxHeapSize                              = 4089446400                                {product} {ergonomic}
   size_t MaxNewSize                               = 2453667840                                {product} {ergonomic}
   size_t MinHeapDeltaBytes                        = 2097152                                   {product} {ergonomic}
   size_t MinHeapSize                              = 8388608                                   {product} {ergonomic}
    uintx NonNMethodCodeHeapSize                   = 7602176                                {pd product} {ergonomic}
    uintx NonProfiledCodeHeapSize                  = 122093568                              {pd product} {ergonomic}
    uintx ProfiledCodeHeapSize                     = 121962496                              {pd product} {ergonomic}
    uintx ReservedCodeCacheSize                    = 251658240                              {pd product} {ergonomic}
     bool SegmentedCodeCache                       = true                                      {product} {ergonomic}
   size_t SoftMaxHeapSize                          = 4089446400                             {manageable} {ergonomic}
     bool UseCompressedOops                        = true                           {product lp64_product} {ergonomic}
     bool UseG1GC                                  = true                                      {product} {ergonomic}
     bool UseLargePagesIndividualAllocation        = false                                  {pd product} {ergonomic}

Logging:
Log output configuration:
 #0: stdout all=warning uptime,level,tags foldmultilines=false
 #1: stderr all=off uptime,level,tags foldmultilines=false

Environment Variables:
JAVA_HOME=C:\Program Files\Eclipse Adoptium\jdk-21.0.6.7-hotspot
PATH=C:\Program Files\NVIDIA GPU Computing Toolkit\CUDA\v12.9\bin;C:\Program Files\NVIDIA GPU Computing Toolkit\CUDA\v12.9\libnvvp;C:\WINDOWS\system32;C:\WINDOWS;C:\WINDOWS\System32\Wbem;C:\WINDOWS\System32\WindowsPowerShell\v1.0\;C:\WINDOWS\System32\OpenSSH\;C:\Program Files\dotnet\;C:\Program Files\Git\cmd;C:\Program Files\nodejs\;C:\ProgramData\chocolatey\bin;C:\Program Files\Eclipse Adoptium\jdk-21.0.6.7-hotspot\bin;C:\Program Files\NVIDIA Corporation\Nsight Compute 2025.2.0\;C:\Program Files (x86)\NVIDIA Corporation\PhysX\Common;C:\Program Files\MySQL\MySQL Shell 8.0\bin\;C:\Users\thepo\AppData\Local\;C:\Users\thepo\AppData\Local\Programs\Microsoft VS Code\bin;C:\Program Files\JetBrains\IntelliJ IDEA Community Edition 2025.1\bin;;C:\Users\thepo\anaconda3\Library\mingw-w64;C:\msys64\mingw64\bin;C:\Users\thepo\AppData\Roaming\npm;C:\ProgramData\MySQL\MySQL Server 8.0\bin;C:\Users\thepo\AppData\Local\Programs\Python\Python39\Scripts\pip3.9.exe;C:\Users\thepo\AppData\Local\Programs\Python\Python39\Scripts;
USERNAME=john
OS=Windows_NT
PROCESSOR_IDENTIFIER=AMD64 Family 25 Model 68 Stepping 1, AuthenticAMD
TMP=C:\Users\thepo\AppData\Local\Temp
TEMP=C:\Users\thepo\AppData\Local\Temp




Periodic native trim disabled

---------------  S Y S T E M  ---------------

OS:
 Windows 11 , 64 bit Build 26100 (10.0.26100.4202)
OS uptime: 0 days 14:08 hours
Hyper-V role detected

CPU: total 16 (initial active 16) (16 cores per cpu, 2 threads per core) family 25 model 68 stepping 1 microcode 0xa404102, cx8, cmov, fxsr, ht, mmx, 3dnowpref, sse, sse2, sse3, ssse3, sse4a, sse4.1, sse4.2, popcnt, lzcnt, tsc, tscinvbit, avx, avx2, aes, erms, clmul, bmi1, bmi2, adx, sha, fma, vzeroupper, clflush, clflushopt, hv, rdtscp, rdpid, fsrm, f16c, cet_ss
Processor Information for the first 16 processors :
  Max Mhz: 3301, Current Mhz: 3301, Mhz Limit: 3301

Memory: 4k page, system-wide physical 15596M (1610M free)
TotalPageFile size 31455M (AvailPageFile size 5M)
current process WorkingSet (physical memory assigned to process): 161M, peak: 161M
current process commit charge ("private bytes"): 404M, peak: 405M

vm_info: OpenJDK 64-Bit Server VM (24.0.1+9-30) for windows-amd64 JRE (24.0.1+9-30), built on 2025-03-05T07:23:45Z with MS VC++ 17.6 (VS2022)

END.
